[2026-03-13 11:19:26] [Pipeline] [INFO] ============================================================
[2026-03-13 11:19:26] [Pipeline] [INFO] Pipeline v3.1 启动 | 模式=sft | 时间=20260313_111926
[2026-03-13 11:19:26] [Pipeline] [INFO] 知识密度过滤: 启用
[2026-03-13 11:19:26] [Pipeline] [INFO] 并发线程数: 3
[2026-03-13 11:19:26] [Pipeline] [INFO] ============================================================
[2026-03-13 11:19:26] [Pipeline] [INFO] [Step 1/7] 加载Markdown文档...
[2026-03-13 11:19:26] [Pipeline] [INFO] [Step 2/7] 执行语义分块...
[2026-03-13 11:19:27] [Pipeline] [INFO] 分块完成: {'total_chunks': 677, 'total_chars': 306180, 'avg_chars': 452.2599704579025, 'min_chars': 17, 'max_chars': 1363, 'type_distribution': {'description': 326, 'case': 34, 'definition': 205, 'process': 51, 'data': 54, 'reference': 7}, 'chapters': 10, 'reference_chunks': 4, 'formula_chunks': 72, 'table_chunks': 83}
[2026-03-13 11:19:27] [Pipeline] [INFO] 分块结果已保存: output/20260313_111926\chunks.jsonl
[2026-03-13 11:19:27] [Pipeline] [INFO] [Step 3/7] 跳过CPT生成（mode=sft）
[2026-03-13 11:19:27] [Pipeline] [INFO] [Step 4/7] 执行知识密度预过滤...
[2026-03-13 11:19:28] [Pipeline] [INFO] 预过滤完成: 通过=659, 过滤=18, 过滤率=2.7%
[2026-03-13 11:19:28] [Pipeline] [INFO] 过滤详情已保存: output/20260313_111926\filter_details.jsonl
[2026-03-13 11:19:28] [Pipeline] [INFO] 被过滤chunk已保存: output/20260313_111926\filtered_chunks.jsonl
[2026-03-13 11:19:28] [Pipeline] [INFO] [Step 5/7] 生成SFT语料...
[2026-03-13 11:20:20] [Pipeline] [INFO] SFT进度: 5/659 (0.8%)
[2026-03-13 11:21:04] [Pipeline] [INFO] SFT进度: 10/659 (1.5%)
[2026-03-13 11:21:53] [Pipeline] [INFO] SFT进度: 15/659 (2.3%)
[2026-03-13 11:23:11] [Pipeline] [INFO] SFT进度: 20/659 (3.0%)
[2026-03-13 11:23:56] [Pipeline] [INFO] SFT进度: 25/659 (3.8%)
[2026-03-13 11:24:24] [Pipeline] [INFO] SFT进度: 30/659 (4.6%)
[2026-03-13 11:25:06] [Pipeline] [INFO] SFT进度: 35/659 (5.3%)
[2026-03-13 11:25:48] [Pipeline] [INFO] SFT进度: 40/659 (6.1%)
[2026-03-13 11:26:27] [Pipeline] [INFO] SFT进度: 45/659 (6.8%)
[2026-03-13 11:26:57] [Pipeline] [INFO] SFT进度: 50/659 (7.6%)
[2026-03-13 11:27:28] [Pipeline] [INFO] SFT进度: 55/659 (8.3%)
[2026-03-13 11:27:54] [Pipeline] [INFO] SFT进度: 60/659 (9.1%)
[2026-03-13 11:28:42] [Pipeline] [INFO] SFT进度: 65/659 (9.9%)
[2026-03-13 11:29:26] [Pipeline] [INFO] SFT进度: 70/659 (10.6%)
[2026-03-13 11:30:08] [Pipeline] [INFO] SFT进度: 75/659 (11.4%)
[2026-03-13 11:30:41] [Pipeline] [INFO] SFT进度: 80/659 (12.1%)
[2026-03-13 11:31:18] [Pipeline] [INFO] SFT进度: 85/659 (12.9%)
[2026-03-13 11:31:49] [Pipeline] [INFO] SFT进度: 90/659 (13.7%)
[2026-03-13 11:32:37] [Pipeline] [INFO] SFT进度: 95/659 (14.4%)
[2026-03-13 11:33:20] [Pipeline] [INFO] SFT进度: 100/659 (15.2%)
[2026-03-13 11:34:15] [Pipeline] [INFO] SFT进度: 105/659 (15.9%)
[2026-03-13 11:35:05] [Pipeline] [INFO] SFT进度: 110/659 (16.7%)
[2026-03-13 11:35:36] [Pipeline] [INFO] SFT进度: 115/659 (17.5%)
[2026-03-13 11:36:10] [Pipeline] [INFO] SFT进度: 120/659 (18.2%)
[2026-03-13 11:37:31] [Pipeline] [INFO] SFT进度: 125/659 (19.0%)
[2026-03-13 11:38:11] [Pipeline] [INFO] SFT进度: 130/659 (19.7%)
[2026-03-13 11:38:47] [Pipeline] [INFO] SFT进度: 135/659 (20.5%)
[2026-03-13 11:39:27] [Pipeline] [INFO] SFT进度: 140/659 (21.2%)
[2026-03-13 11:40:27] [Pipeline] [INFO] SFT进度: 145/659 (22.0%)
[2026-03-13 11:41:14] [Pipeline] [INFO] SFT进度: 150/659 (22.8%)
[2026-03-13 11:41:43] [Pipeline] [INFO] SFT进度: 155/659 (23.5%)
[2026-03-13 11:42:42] [Pipeline] [INFO] SFT进度: 160/659 (24.3%)
[2026-03-13 11:43:16] [Pipeline] [INFO] SFT进度: 165/659 (25.0%)
[2026-03-13 11:44:04] [Pipeline] [INFO] SFT进度: 170/659 (25.8%)
[2026-03-13 11:44:56] [Pipeline] [INFO] SFT进度: 175/659 (26.6%)
[2026-03-13 11:45:44] [Pipeline] [INFO] SFT进度: 180/659 (27.3%)
[2026-03-13 11:46:20] [Pipeline] [INFO] SFT进度: 185/659 (28.1%)
[2026-03-13 11:46:52] [Pipeline] [INFO] SFT进度: 190/659 (28.8%)
[2026-03-13 11:47:42] [Pipeline] [INFO] SFT进度: 195/659 (29.6%)
[2026-03-13 11:48:13] [Pipeline] [INFO] SFT进度: 200/659 (30.3%)
[2026-03-13 11:48:44] [Pipeline] [INFO] SFT进度: 205/659 (31.1%)
[2026-03-13 11:49:29] [Pipeline] [INFO] SFT进度: 210/659 (31.9%)
[2026-03-13 11:50:24] [Pipeline] [INFO] SFT进度: 215/659 (32.6%)
[2026-03-13 11:51:20] [Pipeline] [INFO] SFT进度: 220/659 (33.4%)
[2026-03-13 11:51:59] [Pipeline] [INFO] SFT进度: 225/659 (34.1%)
[2026-03-13 11:52:47] [Pipeline] [INFO] SFT进度: 230/659 (34.9%)
[2026-03-13 11:53:35] [Pipeline] [INFO] SFT进度: 235/659 (35.7%)
[2026-03-13 11:54:14] [Pipeline] [INFO] SFT进度: 240/659 (36.4%)
[2026-03-13 11:54:57] [Pipeline] [INFO] SFT进度: 245/659 (37.2%)
[2026-03-13 11:55:24] [Pipeline] [INFO] SFT进度: 250/659 (37.9%)
[2026-03-13 11:55:58] [Pipeline] [INFO] SFT进度: 255/659 (38.7%)
[2026-03-13 11:56:37] [Pipeline] [INFO] SFT进度: 260/659 (39.5%)
[2026-03-13 11:57:10] [Pipeline] [INFO] SFT进度: 265/659 (40.2%)
[2026-03-13 11:57:46] [Pipeline] [INFO] SFT进度: 270/659 (41.0%)
[2026-03-13 11:58:34] [Pipeline] [INFO] SFT进度: 275/659 (41.7%)
[2026-03-13 11:59:13] [Pipeline] [INFO] SFT进度: 280/659 (42.5%)
[2026-03-13 11:59:54] [Pipeline] [INFO] SFT进度: 285/659 (43.2%)
[2026-03-13 12:00:33] [Pipeline] [INFO] SFT进度: 290/659 (44.0%)
[2026-03-13 12:01:17] [Pipeline] [INFO] SFT进度: 295/659 (44.8%)
[2026-03-13 12:01:52] [Pipeline] [INFO] SFT进度: 300/659 (45.5%)
[2026-03-13 12:02:23] [Pipeline] [INFO] SFT进度: 305/659 (46.3%)
[2026-03-13 12:02:55] [Pipeline] [INFO] SFT进度: 310/659 (47.0%)
[2026-03-13 12:03:22] [Pipeline] [INFO] SFT进度: 315/659 (47.8%)
[2026-03-13 12:04:04] [Pipeline] [INFO] SFT进度: 320/659 (48.6%)
[2026-03-13 12:04:45] [Pipeline] [INFO] SFT进度: 325/659 (49.3%)
[2026-03-13 12:05:24] [Pipeline] [INFO] SFT进度: 330/659 (50.1%)
[2026-03-13 12:05:50] [Pipeline] [INFO] SFT进度: 335/659 (50.8%)
[2026-03-13 12:06:30] [Pipeline] [INFO] SFT进度: 340/659 (51.6%)
[2026-03-13 12:07:18] [Pipeline] [INFO] SFT进度: 345/659 (52.4%)
[2026-03-13 12:07:45] [Pipeline] [INFO] SFT进度: 350/659 (53.1%)
[2026-03-13 12:08:27] [Pipeline] [INFO] SFT进度: 355/659 (53.9%)
[2026-03-13 12:09:02] [Pipeline] [INFO] SFT进度: 360/659 (54.6%)
[2026-03-13 12:10:03] [Pipeline] [INFO] SFT进度: 365/659 (55.4%)
[2026-03-13 12:10:42] [Pipeline] [INFO] SFT进度: 370/659 (56.1%)
[2026-03-13 12:11:42] [Pipeline] [INFO] SFT进度: 375/659 (56.9%)
[2026-03-13 12:12:19] [Pipeline] [INFO] SFT进度: 380/659 (57.7%)
[2026-03-13 12:13:08] [Pipeline] [INFO] SFT进度: 385/659 (58.4%)
[2026-03-13 12:13:57] [Pipeline] [INFO] SFT进度: 390/659 (59.2%)
[2026-03-13 12:14:41] [Pipeline] [INFO] SFT进度: 395/659 (59.9%)
[2026-03-13 12:15:17] [Pipeline] [INFO] SFT进度: 400/659 (60.7%)
[2026-03-13 12:16:05] [Pipeline] [INFO] SFT进度: 405/659 (61.5%)
[2026-03-13 12:16:44] [Pipeline] [INFO] SFT进度: 410/659 (62.2%)
[2026-03-13 12:17:21] [Pipeline] [INFO] SFT进度: 415/659 (63.0%)
[2026-03-13 12:18:14] [Pipeline] [INFO] SFT进度: 420/659 (63.7%)
[2026-03-13 12:18:47] [Pipeline] [INFO] SFT进度: 425/659 (64.5%)
[2026-03-13 12:19:18] [Pipeline] [INFO] SFT进度: 430/659 (65.3%)
[2026-03-13 12:19:54] [Pipeline] [INFO] SFT进度: 435/659 (66.0%)
[2026-03-13 12:20:31] [Pipeline] [INFO] SFT进度: 440/659 (66.8%)
[2026-03-13 12:21:04] [Pipeline] [INFO] SFT进度: 445/659 (67.5%)
[2026-03-13 12:21:46] [Pipeline] [INFO] SFT进度: 450/659 (68.3%)
[2026-03-13 12:22:24] [Pipeline] [INFO] SFT进度: 455/659 (69.0%)
[2026-03-13 12:22:56] [Pipeline] [INFO] SFT进度: 460/659 (69.8%)
[2026-03-13 12:23:24] [Pipeline] [INFO] SFT进度: 465/659 (70.6%)
[2026-03-13 12:24:09] [Pipeline] [INFO] SFT进度: 470/659 (71.3%)
[2026-03-13 12:24:37] [Pipeline] [INFO] SFT进度: 475/659 (72.1%)
[2026-03-13 12:25:01] [Pipeline] [INFO] SFT进度: 480/659 (72.8%)
[2026-03-13 12:25:37] [Pipeline] [INFO] SFT进度: 485/659 (73.6%)
[2026-03-13 12:26:11] [Pipeline] [INFO] SFT进度: 490/659 (74.4%)
[2026-03-13 12:26:48] [Pipeline] [INFO] SFT进度: 495/659 (75.1%)
[2026-03-13 12:27:32] [Pipeline] [INFO] SFT进度: 500/659 (75.9%)
[2026-03-13 12:28:05] [Pipeline] [INFO] SFT进度: 505/659 (76.6%)
[2026-03-13 12:28:32] [Pipeline] [INFO] SFT进度: 510/659 (77.4%)
[2026-03-13 12:29:07] [Pipeline] [INFO] SFT进度: 515/659 (78.1%)
[2026-03-13 12:29:34] [Pipeline] [INFO] SFT进度: 520/659 (78.9%)
[2026-03-13 12:29:59] [Pipeline] [INFO] SFT进度: 525/659 (79.7%)
[2026-03-13 12:30:35] [Pipeline] [INFO] SFT进度: 530/659 (80.4%)
[2026-03-13 12:31:06] [Pipeline] [INFO] SFT进度: 535/659 (81.2%)
[2026-03-13 12:31:46] [Pipeline] [INFO] SFT进度: 540/659 (81.9%)
[2026-03-13 12:32:25] [Pipeline] [INFO] SFT进度: 545/659 (82.7%)
[2026-03-13 12:33:05] [Pipeline] [INFO] SFT进度: 550/659 (83.5%)
[2026-03-13 12:33:41] [Pipeline] [INFO] SFT进度: 555/659 (84.2%)
[2026-03-13 12:34:20] [Pipeline] [INFO] SFT进度: 560/659 (85.0%)
[2026-03-13 12:34:55] [Pipeline] [INFO] SFT进度: 565/659 (85.7%)
[2026-03-13 12:35:31] [Pipeline] [INFO] SFT进度: 570/659 (86.5%)
[2026-03-13 12:36:19] [Pipeline] [INFO] SFT进度: 575/659 (87.3%)
[2026-03-13 12:36:42] [Pipeline] [INFO] SFT进度: 580/659 (88.0%)
[2026-03-13 12:37:27] [Pipeline] [INFO] SFT进度: 585/659 (88.8%)
[2026-03-13 12:38:14] [Pipeline] [INFO] SFT进度: 590/659 (89.5%)
[2026-03-13 12:38:59] [Pipeline] [INFO] SFT进度: 595/659 (90.3%)
[2026-03-13 12:39:46] [Pipeline] [INFO] SFT进度: 600/659 (91.0%)
[2026-03-13 12:40:34] [Pipeline] [INFO] SFT进度: 605/659 (91.8%)
[2026-03-13 12:41:32] [Pipeline] [INFO] SFT进度: 610/659 (92.6%)
[2026-03-13 12:42:20] [Pipeline] [INFO] SFT进度: 615/659 (93.3%)
[2026-03-13 12:43:24] [Pipeline] [INFO] SFT进度: 620/659 (94.1%)
[2026-03-13 12:44:11] [Pipeline] [INFO] SFT进度: 625/659 (94.8%)
[2026-03-13 12:45:01] [Pipeline] [INFO] SFT进度: 630/659 (95.6%)
[2026-03-13 12:45:43] [Pipeline] [INFO] SFT进度: 635/659 (96.4%)
[2026-03-13 12:46:28] [Pipeline] [INFO] SFT进度: 640/659 (97.1%)
[2026-03-13 12:47:12] [Pipeline] [INFO] SFT进度: 645/659 (97.9%)
[2026-03-13 12:48:09] [Pipeline] [INFO] SFT进度: 650/659 (98.6%)
[2026-03-13 12:48:44] [Pipeline] [INFO] SFT进度: 655/659 (99.4%)
[2026-03-13 12:49:31] [Pipeline] [INFO] SFT进度: 659/659 (100.0%)
[2026-03-13 12:49:31] [Pipeline] [INFO] [Step 6/7] 生成质量报告...
[2026-03-13 12:49:31] [Pipeline] [INFO] [Step 7/7] 保存运行报告...
[2026-03-13 12:49:31] [Pipeline] [INFO] 运行报告已保存: output/20260313_111926\pipeline_report.json
[2026-03-13 12:49:31] [Pipeline] [INFO] Markdown报告已保存: output/20260313_111926\pipeline_report.md
[2026-03-13 12:49:31] [Pipeline] [INFO] ============================================================
[2026-03-13 12:49:31] [Pipeline] [INFO] Pipeline v3.1 完成 | 耗时=5405.2秒
[2026-03-13 12:49:31] [Pipeline] [INFO] 输出目录: output/20260313_111926
[2026-03-13 12:49:31] [Pipeline] [INFO] ============================================================
